Using pre-set license
Built from '2020.3/release' branch; Version is '2020.3.2f1 (8fd9074bf66c) revision 9427207'; Using compiler version '192528614'; Build Type 'Release'
OS: 'Windows 10 Home; OS build 19042.906; Version 2009; 64bit' Language: 'en' Physical Memory: 16229 MB
BatchMode: 1, IsHumanControllingUs: 0, StartBugReporterOnCrash: 0, Is64bit: 1, IsPro: 0

 COMMAND LINE ARGUMENTS:
C:\Program Files\Unity\Hub\Editor\2020.3.2f1\Editor\Unity.exe
-adb2
-batchMode
-noUpm
-name
AssetImportWorker0
-projectPath
C:/Users/Owner/Documents/GitHub/game-systems-project-MoniqueM93/GS Project Assignment
-logFile
Logs/AssetImportWorker0.log
-srvPort
53271
Successfully changed project path to: C:/Users/Owner/Documents/GitHub/game-systems-project-MoniqueM93/GS Project Assignment
C:/Users/Owner/Documents/GitHub/game-systems-project-MoniqueM93/GS Project Assignment
Using Asset Import Pipeline V2.
Refreshing native plugins compatible for Editor in 39.20 ms, found 1 plugins.
Preloading 0 native plugins for Editor in 0.00 ms.
Initialize engine version: 2020.3.2f1 (8fd9074bf66c)
[Subsystems] Discovering subsystems at path C:/Program Files/Unity/Hub/Editor/2020.3.2f1/Editor/Data/Resources/UnitySubsystems
[Subsystems] Discovering subsystems at path C:/Users/Owner/Documents/GitHub/game-systems-project-MoniqueM93/GS Project Assignment/Assets
GfxDevice: creating device client; threaded=0
Direct3D:
    Version:  Direct3D 11.0 [level 11.1]
    Renderer: NVIDIA GeForce GTX 1060 (ID=0x1c60)
    Vendor:   
    VRAM:     6084 MB
    Driver:   22.21.13.8205
Initialize mono
Mono path[0] = 'C:/Program Files/Unity/Hub/Editor/2020.3.2f1/Editor/Data/Managed'
Mono path[1] = 'C:/Program Files/Unity/Hub/Editor/2020.3.2f1/Editor/Data/MonoBleedingEdge/lib/mono/unityjit'
Mono config path = 'C:/Program Files/Unity/Hub/Editor/2020.3.2f1/Editor/Data/MonoBleedingEdge/etc'
Using monoOptions --debugger-agent=transport=dt_socket,embedding=1,server=y,suspend=n,address=127.0.0.1:56340
Begin MonoManager ReloadAssembly
Registering precompiled unity dll's ...
Register platform support module: C:/Program Files/Unity/Hub/Editor/2020.3.2f1/Editor/Data/PlaybackEngines/MacStandaloneSupport/UnityEditor.OSXStandalone.Extensions.dll
Register platform support module: C:/Program Files/Unity/Hub/Editor/2020.3.2f1/Editor/Data/PlaybackEngines/WindowsStandaloneSupport/UnityEditor.WindowsStandalone.Extensions.dll
Registered in 0.003491 seconds.
Native extension for WindowsStandalone target not found
Native extension for OSXStandalone target not found
Refreshing native plugins compatible for Editor in 45.48 ms, found 1 plugins.
Preloading 0 native plugins for Editor in 0.00 ms.
Invoked RoslynAnalysisRunner static constructor.
RoslynAnalysisRunner will not be running.
RoslynAnalysisRunner has terminated.
Mono: successfully reloaded assembly
- Completed reload, in  3.008 seconds
Platform modules already initialized, skipping
Registering precompiled user dll's ...
Registered in 0.001437 seconds.
Begin MonoManager ReloadAssembly
Native extension for WindowsStandalone target not found
Native extension for OSXStandalone target not found
Refreshing native plugins compatible for Editor in 56.06 ms, found 1 plugins.
Preloading 0 native plugins for Editor in 0.00 ms.
Invoked RoslynAnalysisRunner static constructor.
RoslynAnalysisRunner will not be running.
RoslynAnalysisRunner has terminated.
Mono: successfully reloaded assembly
- Completed reload, in  1.231 seconds
Platform modules already initialized, skipping
========================================================================
Worker process is ready to serve import requests
Launched and connected shader compiler UnityShaderCompiler.exe after 0.06 seconds
Refreshing native plugins compatible for Editor in 0.36 ms, found 1 plugins.
Preloading 0 native plugins for Editor in 0.00 ms.
Unloading 1808 Unused Serialized files (Serialized files now loaded: 0)
System memory in use before: 85.5 MB.
System memory in use after: 85.4 MB.

Unloading 24 unused Assets to reduce memory usage. Loaded Objects now: 2250.
Total: 2.716400 ms (FindLiveObjects: 0.405100 ms CreateObjectMapping: 0.281800 ms MarkObjects: 1.849800 ms  DeleteObjects: 0.178600 ms)

========================================================================
Received Import Request.
  path: Assets/Art/WorldAssets
  artifactKey: Guid(db6191e23460daf48a9a58c3400c912d) Importer(815301076,1909f56bfc062723c751e8b465ee728b)
Start importing Assets/Art/WorldAssets using Guid(db6191e23460daf48a9a58c3400c912d) Importer(815301076,1909f56bfc062723c751e8b465ee728b)  -> (artifact id: '4672768d5a50f8261a365934f559ef26') in 0.022005 seconds
  Import took 0.027003 seconds .

========================================================================
Received Import Request.
  Time since last request: 72.428652 seconds.
  path: Assets/Art/WorldAssets.png
  artifactKey: Guid(5ab90f327ce6b3846997abb06c9c97a1) Importer(815301076,1909f56bfc062723c751e8b465ee728b)
Start importing Assets/Art/WorldAssets.png using Guid(5ab90f327ce6b3846997abb06c9c97a1) Importer(815301076,1909f56bfc062723c751e8b465ee728b)  -> (artifact id: '2fda3546afe0b220f29ee47a1078a951') in 0.194206 seconds
  Import took 0.199377 seconds .

========================================================================
Received Import Request.
  Time since last request: 97.621406 seconds.
  path: Assets/Art/WorldAssets.png
  artifactKey: Guid(5ab90f327ce6b3846997abb06c9c97a1) Importer(815301076,1909f56bfc062723c751e8b465ee728b)
Start importing Assets/Art/WorldAssets.png using Guid(5ab90f327ce6b3846997abb06c9c97a1) Importer(815301076,1909f56bfc062723c751e8b465ee728b)  -> (artifact id: '7589972341e24ed0da5d0cd944394024') in 0.019975 seconds
  Import took 0.024855 seconds .

========================================================================
Received Import Request.
  Time since last request: 0.083049 seconds.
  path: Assets/Art/WorldAssets.png
  artifactKey: Guid(5ab90f327ce6b3846997abb06c9c97a1) Importer(815301076,1909f56bfc062723c751e8b465ee728b)
Start importing Assets/Art/WorldAssets.png using Guid(5ab90f327ce6b3846997abb06c9c97a1) Importer(815301076,1909f56bfc062723c751e8b465ee728b)  -> (artifact id: '7589972341e24ed0da5d0cd944394024') in 0.011909 seconds
  Import took 0.015428 seconds .

========================================================================
Received Import Request.
  Time since last request: 366.146152 seconds.
  path: Assets/Art/WorldAssets.png
  artifactKey: Guid(5ab90f327ce6b3846997abb06c9c97a1) Importer(815301076,1909f56bfc062723c751e8b465ee728b)
Start importing Assets/Art/WorldAssets.png using Guid(5ab90f327ce6b3846997abb06c9c97a1) Importer(815301076,1909f56bfc062723c751e8b465ee728b)  -> (artifact id: 'f61d1cac87c3ade6cfe4771570f84355') in 0.124817 seconds
  Import took 0.134956 seconds .

========================================================================
Received Import Request.
  Time since last request: 641.193003 seconds.
  path: Assets/Art/walk (1).png
  artifactKey: Guid(05dd48476f0e47d409e32d947d59bf34) Importer(815301076,1909f56bfc062723c751e8b465ee728b)
Start importing Assets/Art/walk (1).png using Guid(05dd48476f0e47d409e32d947d59bf34) Importer(815301076,1909f56bfc062723c751e8b465ee728b)  -> (artifact id: '6e25e76c2442183f280753ef498b445c') in 0.017963 seconds
  Import took 0.023171 seconds .

========================================================================
Received Import Request.
  Time since last request: 0.001804 seconds.
  path: Assets/Art/walk (1).png
  artifactKey: Guid(05dd48476f0e47d409e32d947d59bf34) Importer(815301076,1909f56bfc062723c751e8b465ee728b)
Start importing Assets/Art/walk (1).png using Guid(05dd48476f0e47d409e32d947d59bf34) Importer(815301076,1909f56bfc062723c751e8b465ee728b)  -> (artifact id: '6e25e76c2442183f280753ef498b445c') in 0.009316 seconds
  Import took 0.013369 seconds .

========================================================================
Received Import Request.
  Time since last request: 15.480253 seconds.
  path: Assets/Art/walk (1).png
  artifactKey: Guid(05dd48476f0e47d409e32d947d59bf34) Importer(815301076,1909f56bfc062723c751e8b465ee728b)
Start importing Assets/Art/walk (1).png using Guid(05dd48476f0e47d409e32d947d59bf34) Importer(815301076,1909f56bfc062723c751e8b465ee728b)  -> (artifact id: 'bcb40e0d1c622c63c13cd003c5d25771') in 0.049404 seconds
  Import took 0.053435 seconds .

========================================================================
Received Import Request.
  Time since last request: 495.050105 seconds.
  path: Assets/Art/Idle (1).png
  artifactKey: Guid(7289a4e491e003042b36b97c90344ce2) Importer(815301076,1909f56bfc062723c751e8b465ee728b)
Start importing Assets/Art/Idle (1).png using Guid(7289a4e491e003042b36b97c90344ce2) Importer(815301076,1909f56bfc062723c751e8b465ee728b)  -> (artifact id: '63d3a3208cb3c36b644ce7b70162956d') in 0.026388 seconds
  Import took 0.030842 seconds .

========================================================================
Received Import Request.
  Time since last request: 5.374893 seconds.
  path: Assets/Art/Idle (1).png
  artifactKey: Guid(7289a4e491e003042b36b97c90344ce2) Importer(815301076,1909f56bfc062723c751e8b465ee728b)
Start importing Assets/Art/Idle (1).png using Guid(7289a4e491e003042b36b97c90344ce2) Importer(815301076,1909f56bfc062723c751e8b465ee728b)  -> (artifact id: 'd3387e77f06b88f5100abd716e5d4c45') in 0.062940 seconds
  Import took 0.067707 seconds .

========================================================================
Received Import Request.
  Time since last request: 244.039211 seconds.
  path: Assets/Art/WallDec.prefab
  artifactKey: Guid(55b5abda7a0c770469d39c666d5310bf) Importer(815301076,1909f56bfc062723c751e8b465ee728b)
Start importing Assets/Art/WallDec.prefab using Guid(55b5abda7a0c770469d39c666d5310bf) Importer(815301076,1909f56bfc062723c751e8b465ee728b)  -> (artifact id: '72ceb24603a46e35cad4c1279fd7119e') in 0.062058 seconds
  Import took 0.073724 seconds .

========================================================================
Received Import Request.
  Time since last request: 19.601505 seconds.
  path: Assets/Art/WallDec.prefab
  artifactKey: Guid(55b5abda7a0c770469d39c666d5310bf) Importer(815301076,1909f56bfc062723c751e8b465ee728b)
Start importing Assets/Art/WallDec.prefab using Guid(55b5abda7a0c770469d39c666d5310bf) Importer(815301076,1909f56bfc062723c751e8b465ee728b)  -> (artifact id: 'c53be9854a6d047b692412e3b6d9d31d') in 0.008424 seconds
  Import took 0.015741 seconds .

========================================================================
Received Import Request.
  Time since last request: 0.000499 seconds.
  path: Assets/Art/WorldAssets_1.asset
  artifactKey: Guid(72fac1bad9c706243b6c63d8fd31d26e) Importer(815301076,1909f56bfc062723c751e8b465ee728b)
Start importing Assets/Art/WorldAssets_1.asset using Guid(72fac1bad9c706243b6c63d8fd31d26e) Importer(815301076,1909f56bfc062723c751e8b465ee728b)  -> (artifact id: '8d75a31ee645e91b46a92cdfaa603811') in 0.045926 seconds
  Import took 0.052362 seconds .

========================================================================
Received Import Request.
  Time since last request: 131.086015 seconds.
  path: Assets/Art/WallDec.prefab
  artifactKey: Guid(55b5abda7a0c770469d39c666d5310bf) Importer(815301076,1909f56bfc062723c751e8b465ee728b)
Start importing Assets/Art/WallDec.prefab using Guid(55b5abda7a0c770469d39c666d5310bf) Importer(815301076,1909f56bfc062723c751e8b465ee728b)  -> (artifact id: 'c8b9328b467539a93d35bcab04b78672') in 0.013761 seconds
  Import took 0.022921 seconds .

========================================================================
Received Import Request.
  Time since last request: 0.000522 seconds.
  path: Assets/Art/WorldAssets_2.asset
  artifactKey: Guid(b0a94eb1739d7854aab40cfd50c1a6c7) Importer(815301076,1909f56bfc062723c751e8b465ee728b)
Start importing Assets/Art/WorldAssets_2.asset using Guid(b0a94eb1739d7854aab40cfd50c1a6c7) Importer(815301076,1909f56bfc062723c751e8b465ee728b)  -> (artifact id: '16afefc4b2090a489cb4466d3af96e69') in 0.029072 seconds
  Import took 0.037161 seconds .

========================================================================
Received Import Request.
  Time since last request: 5.025511 seconds.
  path: Assets/Art/WallDec.prefab
  artifactKey: Guid(55b5abda7a0c770469d39c666d5310bf) Importer(815301076,1909f56bfc062723c751e8b465ee728b)
Start importing Assets/Art/WallDec.prefab using Guid(55b5abda7a0c770469d39c666d5310bf) Importer(815301076,1909f56bfc062723c751e8b465ee728b)  -> (artifact id: '6e7a1e5832246ba625d2363e8cd195c9') in 0.011462 seconds
  Import took 0.018686 seconds .

========================================================================
Received Import Request.
  Time since last request: 0.000428 seconds.
  path: Assets/Art/WorldAssets_3.asset
  artifactKey: Guid(57c2ade4c65aaf6478a66753add03504) Importer(815301076,1909f56bfc062723c751e8b465ee728b)
Start importing Assets/Art/WorldAssets_3.asset using Guid(57c2ade4c65aaf6478a66753add03504) Importer(815301076,1909f56bfc062723c751e8b465ee728b)  -> (artifact id: '0fee51bfc2bca7179bd23e33982aedc7') in 0.030104 seconds
  Import took 0.038331 seconds .

========================================================================
Received Import Request.
  Time since last request: 67.458076 seconds.
  path: Assets/Art/Tilemap
  artifactKey: Guid(76d2dce191097724783e087510e7de32) Importer(815301076,1909f56bfc062723c751e8b465ee728b)
Start importing Assets/Art/Tilemap using Guid(76d2dce191097724783e087510e7de32) Importer(815301076,1909f56bfc062723c751e8b465ee728b)  -> (artifact id: 'e8ba8bb3eb910b5afb14a0c9bc590e55') in 0.007343 seconds
  Import took 0.013945 seconds .

========================================================================
Received Import Request.
  Time since last request: 9.570099 seconds.
  path: Assets/Art/Tilemap/WallDec.prefab
  artifactKey: Guid(55b5abda7a0c770469d39c666d5310bf) Importer(815301076,1909f56bfc062723c751e8b465ee728b)
Start importing Assets/Art/Tilemap/WallDec.prefab using Guid(55b5abda7a0c770469d39c666d5310bf) Importer(815301076,1909f56bfc062723c751e8b465ee728b)  -> (artifact id: 'd4dd9f0ea9e7c76797d49a1e769e2d03') in 0.020209 seconds
  Import took 0.033282 seconds .

========================================================================
Received Import Request.
  Time since last request: 0.000710 seconds.
  path: Assets/Art/Tilemap/WorldAssets_18.asset
  artifactKey: Guid(4729c5ec044c1de4ea3e44aa306c7ef2) Importer(815301076,1909f56bfc062723c751e8b465ee728b)
Start importing Assets/Art/Tilemap/WorldAssets_18.asset using Guid(4729c5ec044c1de4ea3e44aa306c7ef2) Importer(815301076,1909f56bfc062723c751e8b465ee728b)  -> (artifact id: 'fdfc761c344e1ea2e0e7f98fa4d7b813') in 0.036919 seconds
  Import took 0.049370 seconds .

========================================================================
Received Import Request.
  Time since last request: 10.400581 seconds.
  path: Assets/Art/Tilemap/WallDec.prefab
  artifactKey: Guid(55b5abda7a0c770469d39c666d5310bf) Importer(815301076,1909f56bfc062723c751e8b465ee728b)
Start importing Assets/Art/Tilemap/WallDec.prefab using Guid(55b5abda7a0c770469d39c666d5310bf) Importer(815301076,1909f56bfc062723c751e8b465ee728b)  -> (artifact id: 'b138cae14f4fef1c33807ec3c74eb53f') in 0.010997 seconds
  Import took 0.017626 seconds .

========================================================================
Received Import Request.
  Time since last request: 0.000442 seconds.
  path: Assets/Art/Tilemap/WorldAssets_8.asset
  artifactKey: Guid(3b54c35981aea3043b704ef77cfb1571) Importer(815301076,1909f56bfc062723c751e8b465ee728b)
Start importing Assets/Art/Tilemap/WorldAssets_8.asset using Guid(3b54c35981aea3043b704ef77cfb1571) Importer(815301076,1909f56bfc062723c751e8b465ee728b)  -> (artifact id: '9deddc1b6c4877ed515905db37b544d9') in 0.022414 seconds
  Import took 0.029813 seconds .

========================================================================
Received Import Request.
  Time since last request: 35.205581 seconds.
  path: Assets/Art/Tilemap/WallDec.prefab
  artifactKey: Guid(55b5abda7a0c770469d39c666d5310bf) Importer(815301076,1909f56bfc062723c751e8b465ee728b)
Start importing Assets/Art/Tilemap/WallDec.prefab using Guid(55b5abda7a0c770469d39c666d5310bf) Importer(815301076,1909f56bfc062723c751e8b465ee728b)  -> (artifact id: '999f14f68038b6a2e35552a1cda3f391') in 0.023378 seconds
  Import took 0.039576 seconds .

========================================================================
Received Import Request.
  Time since last request: 6.697148 seconds.
  path: Assets/Art/Tilemap/WallDec.prefab
  artifactKey: Guid(55b5abda7a0c770469d39c666d5310bf) Importer(815301076,1909f56bfc062723c751e8b465ee728b)
Start importing Assets/Art/Tilemap/WallDec.prefab using Guid(55b5abda7a0c770469d39c666d5310bf) Importer(815301076,1909f56bfc062723c751e8b465ee728b)  -> (artifact id: 'ae7fda8d37521cf6b5384a936f0d46c8') in 0.012015 seconds
  Import took 0.019057 seconds .

========================================================================
Received Import Request.
  Time since last request: 0.000402 seconds.
  path: Assets/Art/Tilemap/WorldAssets_9.asset
  artifactKey: Guid(dcb29e5ae851095409a1c54a7af695a7) Importer(815301076,1909f56bfc062723c751e8b465ee728b)
Start importing Assets/Art/Tilemap/WorldAssets_9.asset using Guid(dcb29e5ae851095409a1c54a7af695a7) Importer(815301076,1909f56bfc062723c751e8b465ee728b)  -> (artifact id: '151680dcba9c2f319859eb18f9177a92') in 0.021956 seconds
  Import took 0.029101 seconds .

========================================================================
Received Import Request.
  Time since last request: 7.979298 seconds.
  path: Assets/Art/Tilemap/WallDec.prefab
  artifactKey: Guid(55b5abda7a0c770469d39c666d5310bf) Importer(815301076,1909f56bfc062723c751e8b465ee728b)
Start importing Assets/Art/Tilemap/WallDec.prefab using Guid(55b5abda7a0c770469d39c666d5310bf) Importer(815301076,1909f56bfc062723c751e8b465ee728b)  -> (artifact id: '7b9f3e6989c9a01f2fe2a9e10b087f57') in 0.012689 seconds
  Import took 0.021715 seconds .

========================================================================
Received Import Request.
  Time since last request: 0.000522 seconds.
  path: Assets/Art/Tilemap/WorldAssets_4.asset
  artifactKey: Guid(e4f05af1eb40d4a4791fde281d496936) Importer(815301076,1909f56bfc062723c751e8b465ee728b)
Start importing Assets/Art/Tilemap/WorldAssets_4.asset using Guid(e4f05af1eb40d4a4791fde281d496936) Importer(815301076,1909f56bfc062723c751e8b465ee728b)  -> (artifact id: 'f2ccea9c06c2df17e5e5228c89adfc77') in 0.027160 seconds
  Import took 0.034698 seconds .

========================================================================
Received Import Request.
  Time since last request: 3.446587 seconds.
  path: Assets/Art/Tilemap/WallDec.prefab
  artifactKey: Guid(55b5abda7a0c770469d39c666d5310bf) Importer(815301076,1909f56bfc062723c751e8b465ee728b)
Start importing Assets/Art/Tilemap/WallDec.prefab using Guid(55b5abda7a0c770469d39c666d5310bf) Importer(815301076,1909f56bfc062723c751e8b465ee728b)  -> (artifact id: 'f08b1160d4a806fea722452f4e51866d') in 0.010058 seconds
  Import took 0.016541 seconds .

========================================================================
Received Import Request.
  Time since last request: 0.000407 seconds.
  path: Assets/Art/Tilemap/WorldAssets_5.asset
  artifactKey: Guid(4bba0461d7ca2844c891b86684a40e52) Importer(815301076,1909f56bfc062723c751e8b465ee728b)
Start importing Assets/Art/Tilemap/WorldAssets_5.asset using Guid(4bba0461d7ca2844c891b86684a40e52) Importer(815301076,1909f56bfc062723c751e8b465ee728b)  -> (artifact id: 'ad2393db4f7fd7bdc112eef89fd6c179') in 0.022119 seconds
  Import took 0.029399 seconds .

========================================================================
Received Import Request.
  Time since last request: 5.269979 seconds.
  path: Assets/Art/Tilemap/WallDec.prefab
  artifactKey: Guid(55b5abda7a0c770469d39c666d5310bf) Importer(815301076,1909f56bfc062723c751e8b465ee728b)
Start importing Assets/Art/Tilemap/WallDec.prefab using Guid(55b5abda7a0c770469d39c666d5310bf) Importer(815301076,1909f56bfc062723c751e8b465ee728b)  -> (artifact id: '071534ed44cdbb36550b36a29400041a') in 0.010247 seconds
  Import took 0.017635 seconds .

========================================================================
Received Import Request.
  Time since last request: 0.000542 seconds.
  path: Assets/Art/Tilemap/WorldAssets_6.asset
  artifactKey: Guid(bffe7e56df1739241ac5ec1dcb8cb414) Importer(815301076,1909f56bfc062723c751e8b465ee728b)
Start importing Assets/Art/Tilemap/WorldAssets_6.asset using Guid(bffe7e56df1739241ac5ec1dcb8cb414) Importer(815301076,1909f56bfc062723c751e8b465ee728b)  -> (artifact id: '194c0dbbe050894a6f4059e5b1782067') in 0.020415 seconds
  Import took 0.030117 seconds .

========================================================================
Received Import Request.
  Time since last request: 7.552524 seconds.
  path: Assets/Art/Tilemap/WallDec.prefab
  artifactKey: Guid(55b5abda7a0c770469d39c666d5310bf) Importer(815301076,1909f56bfc062723c751e8b465ee728b)
Start importing Assets/Art/Tilemap/WallDec.prefab using Guid(55b5abda7a0c770469d39c666d5310bf) Importer(815301076,1909f56bfc062723c751e8b465ee728b)  -> (artifact id: '6bf6695b0802c67660ddfb4dfcabb74e') in 0.019672 seconds
  Import took 0.043766 seconds .

========================================================================
Received Import Request.
  Time since last request: 0.000765 seconds.
  path: Assets/Art/Tilemap/WorldAssets_13.asset
  artifactKey: Guid(a7ec9120c0fc38e4db6aa7fa0c66a64a) Importer(815301076,1909f56bfc062723c751e8b465ee728b)
Start importing Assets/Art/Tilemap/WorldAssets_13.asset using Guid(a7ec9120c0fc38e4db6aa7fa0c66a64a) Importer(815301076,1909f56bfc062723c751e8b465ee728b)  -> (artifact id: 'a1b82b9a1767e59cd9414635c003b858') in 0.039865 seconds
  Import took 0.052933 seconds .

========================================================================
Received Prepare
Registering precompiled user dll's ...
Registered in 0.003234 seconds.
Begin MonoManager ReloadAssembly
Native extension for WindowsStandalone target not found
Native extension for OSXStandalone target not found
Refreshing native plugins compatible for Editor in 0.90 ms, found 1 plugins.
Preloading 0 native plugins for Editor in 0.00 ms.
Invoked RoslynAnalysisRunner static constructor.
RoslynAnalysisRunner will not be running.
RoslynAnalysisRunner has terminated.
Mono: successfully reloaded assembly
- Completed reload, in  3.132 seconds
Platform modules already initialized, skipping
Refreshing native plugins compatible for Editor in 0.67 ms, found 1 plugins.
Preloading 0 native plugins for Editor in 0.00 ms.
Unloading 1804 Unused Serialized files (Serialized files now loaded: 0)
System memory in use before: 88.6 MB.
System memory in use after: 88.6 MB.

Unloading 12 unused Assets to reduce memory usage. Loaded Objects now: 2311.
Total: 4.945600 ms (FindLiveObjects: 0.687600 ms CreateObjectMapping: 0.271500 ms MarkObjects: 3.701600 ms  DeleteObjects: 0.281400 ms)

========================================================================
Received Import Request.
  Time since last request: 363.118796 seconds.
  path: Assets/Scripts/NewBehaviourScript.cs
  artifactKey: Guid(c371c5f730aab914b91b3009f4e0f0dc) Importer(815301076,1909f56bfc062723c751e8b465ee728b)
Start importing Assets/Scripts/NewBehaviourScript.cs using Guid(c371c5f730aab914b91b3009f4e0f0dc) Importer(815301076,1909f56bfc062723c751e8b465ee728b)  -> (artifact id: 'f1077b4440f094028fd6cce3d9c4598e') in 0.103156 seconds
  Import took 0.110779 seconds .

========================================================================
Received Import Request.
  Time since last request: 1.345830 seconds.
  path: Assets/Scripts/NewBehaviourScript.cs
  artifactKey: Guid(c371c5f730aab914b91b3009f4e0f0dc) Importer(815301076,1909f56bfc062723c751e8b465ee728b)
Start importing Assets/Scripts/NewBehaviourScript.cs using Guid(c371c5f730aab914b91b3009f4e0f0dc) Importer(815301076,1909f56bfc062723c751e8b465ee728b)  -> (artifact id: 'f1077b4440f094028fd6cce3d9c4598e') in 0.012203 seconds
  Import took 0.023130 seconds .

========================================================================
Received Prepare
Registering precompiled user dll's ...
Registered in 0.003171 seconds.
Begin MonoManager ReloadAssembly
Native extension for WindowsStandalone target not found
Native extension for OSXStandalone target not found
Refreshing native plugins compatible for Editor in 0.87 ms, found 1 plugins.
Preloading 0 native plugins for Editor in 0.00 ms.
Invoked RoslynAnalysisRunner static constructor.
RoslynAnalysisRunner will not be running.
RoslynAnalysisRunner has terminated.
Mono: successfully reloaded assembly
- Completed reload, in  2.803 seconds
Platform modules already initialized, skipping
Refreshing native plugins compatible for Editor in 0.76 ms, found 1 plugins.
Preloading 0 native plugins for Editor in 0.00 ms.
Unloading 1804 Unused Serialized files (Serialized files now loaded: 0)
System memory in use before: 88.7 MB.
System memory in use after: 88.6 MB.

Unloading 12 unused Assets to reduce memory usage. Loaded Objects now: 2315.
Total: 10.852900 ms (FindLiveObjects: 1.309400 ms CreateObjectMapping: 0.696900 ms MarkObjects: 8.532100 ms  DeleteObjects: 0.310700 ms)

========================================================================
Received Import Request.
  Time since last request: 34.542902 seconds.
  path: Assets/Scripts/PlayerScript.cs
  artifactKey: Guid(c371c5f730aab914b91b3009f4e0f0dc) Importer(815301076,1909f56bfc062723c751e8b465ee728b)
Start importing Assets/Scripts/PlayerScript.cs using Guid(c371c5f730aab914b91b3009f4e0f0dc) Importer(815301076,1909f56bfc062723c751e8b465ee728b)  -> (artifact id: '67fa914fdcdd4980eb3a9d3abd183add') in 0.013931 seconds
  Import took 0.020878 seconds .

========================================================================
Received Prepare
Registering precompiled user dll's ...
Registered in 0.002563 seconds.
Begin MonoManager ReloadAssembly
Native extension for WindowsStandalone target not found
Native extension for OSXStandalone target not found
Refreshing native plugins compatible for Editor in 1.06 ms, found 1 plugins.
Preloading 0 native plugins for Editor in 0.00 ms.
Invoked RoslynAnalysisRunner static constructor.
RoslynAnalysisRunner will not be running.
RoslynAnalysisRunner has terminated.
Mono: successfully reloaded assembly
- Completed reload, in  3.160 seconds
Platform modules already initialized, skipping
Refreshing native plugins compatible for Editor in 0.62 ms, found 1 plugins.
Preloading 0 native plugins for Editor in 0.00 ms.
Unloading 1804 Unused Serialized files (Serialized files now loaded: 0)
System memory in use before: 88.7 MB.
System memory in use after: 88.7 MB.

Unloading 12 unused Assets to reduce memory usage. Loaded Objects now: 2319.
Total: 5.815300 ms (FindLiveObjects: 0.527600 ms CreateObjectMapping: 0.188800 ms MarkObjects: 4.818300 ms  DeleteObjects: 0.277700 ms)

========================================================================
Received Prepare
Registering precompiled user dll's ...
Registered in 0.001431 seconds.
Begin MonoManager ReloadAssembly
Native extension for WindowsStandalone target not found
Native extension for OSXStandalone target not found
Refreshing native plugins compatible for Editor in 0.37 ms, found 1 plugins.
Preloading 0 native plugins for Editor in 0.00 ms.
Invoked RoslynAnalysisRunner static constructor.
RoslynAnalysisRunner will not be running.
RoslynAnalysisRunner has terminated.
Mono: successfully reloaded assembly
- Completed reload, in  1.067 seconds
Platform modules already initialized, skipping
Refreshing native plugins compatible for Editor in 0.35 ms, found 1 plugins.
Preloading 0 native plugins for Editor in 0.00 ms.
Unloading 1804 Unused Serialized files (Serialized files now loaded: 0)
System memory in use before: 88.7 MB.
System memory in use after: 88.7 MB.

Unloading 12 unused Assets to reduce memory usage. Loaded Objects now: 2323.
Total: 2.938500 ms (FindLiveObjects: 0.317900 ms CreateObjectMapping: 0.145500 ms MarkObjects: 2.299900 ms  DeleteObjects: 0.172900 ms)

========================================================================
Received Prepare
Registering precompiled user dll's ...
Registered in 0.001494 seconds.
Begin MonoManager ReloadAssembly
Native extension for WindowsStandalone target not found
Native extension for OSXStandalone target not found
Refreshing native plugins compatible for Editor in 0.99 ms, found 1 plugins.
Preloading 0 native plugins for Editor in 0.00 ms.
Invoked RoslynAnalysisRunner static constructor.
RoslynAnalysisRunner will not be running.
RoslynAnalysisRunner has terminated.
Mono: successfully reloaded assembly
- Completed reload, in  0.979 seconds
Platform modules already initialized, skipping
Refreshing native plugins compatible for Editor in 0.41 ms, found 1 plugins.
Preloading 0 native plugins for Editor in 0.00 ms.
Unloading 1804 Unused Serialized files (Serialized files now loaded: 0)
System memory in use before: 88.7 MB.
System memory in use after: 88.7 MB.

Unloading 12 unused Assets to reduce memory usage. Loaded Objects now: 2327.
Total: 2.694900 ms (FindLiveObjects: 0.225400 ms CreateObjectMapping: 0.081200 ms MarkObjects: 2.228900 ms  DeleteObjects: 0.158400 ms)

========================================================================
Received Import Request.
  Time since last request: 5414.209256 seconds.
  path: Assets/Scripts/PlayerScript.cs
  artifactKey: Guid(c371c5f730aab914b91b3009f4e0f0dc) Importer(815301076,1909f56bfc062723c751e8b465ee728b)
Start importing Assets/Scripts/PlayerScript.cs using Guid(c371c5f730aab914b91b3009f4e0f0dc) Importer(815301076,1909f56bfc062723c751e8b465ee728b)  -> (artifact id: '604ec85dfe65bdf1df86220fd8860b49') in 0.010951 seconds
  Import took 0.015747 seconds .

========================================================================
Received Import Request.
  Time since last request: 0.001436 seconds.
  path: Assets/Scripts/PlayerScript.cs
  artifactKey: Guid(c371c5f730aab914b91b3009f4e0f0dc) Importer(815301076,1909f56bfc062723c751e8b465ee728b)
Start importing Assets/Scripts/PlayerScript.cs using Guid(c371c5f730aab914b91b3009f4e0f0dc) Importer(815301076,1909f56bfc062723c751e8b465ee728b)  -> (artifact id: '604ec85dfe65bdf1df86220fd8860b49') in 0.006860 seconds
  Import took 0.012053 seconds .

========================================================================
Received Prepare
Registering precompiled user dll's ...
Registered in 0.001368 seconds.
Begin MonoManager ReloadAssembly
Native extension for WindowsStandalone target not found
Native extension for OSXStandalone target not found
Refreshing native plugins compatible for Editor in 0.43 ms, found 1 plugins.
Preloading 0 native plugins for Editor in 0.00 ms.
Invoked RoslynAnalysisRunner static constructor.
RoslynAnalysisRunner will not be running.
RoslynAnalysisRunner has terminated.
Mono: successfully reloaded assembly
- Completed reload, in  1.165 seconds
Platform modules already initialized, skipping
Refreshing native plugins compatible for Editor in 0.46 ms, found 1 plugins.
Preloading 0 native plugins for Editor in 0.00 ms.
Unloading 1804 Unused Serialized files (Serialized files now loaded: 0)
System memory in use before: 88.7 MB.
System memory in use after: 88.7 MB.

Unloading 12 unused Assets to reduce memory usage. Loaded Objects now: 2331.
Total: 3.460500 ms (FindLiveObjects: 0.398400 ms CreateObjectMapping: 0.164400 ms MarkObjects: 2.729900 ms  DeleteObjects: 0.165800 ms)

========================================================================
Received Prepare
Registering precompiled user dll's ...
Registered in 0.001381 seconds.
Begin MonoManager ReloadAssembly
Native extension for WindowsStandalone target not found
Native extension for OSXStandalone target not found
Refreshing native plugins compatible for Editor in 0.39 ms, found 1 plugins.
Preloading 0 native plugins for Editor in 0.00 ms.
Invoked RoslynAnalysisRunner static constructor.
RoslynAnalysisRunner will not be running.
RoslynAnalysisRunner has terminated.
Mono: successfully reloaded assembly
- Completed reload, in  1.085 seconds
Platform modules already initialized, skipping
Refreshing native plugins compatible for Editor in 0.69 ms, found 1 plugins.
Preloading 0 native plugins for Editor in 0.00 ms.
Unloading 1804 Unused Serialized files (Serialized files now loaded: 0)
System memory in use before: 88.7 MB.
System memory in use after: 88.7 MB.

Unloading 12 unused Assets to reduce memory usage. Loaded Objects now: 2335.
Total: 3.723500 ms (FindLiveObjects: 0.352100 ms CreateObjectMapping: 0.112500 ms MarkObjects: 3.072600 ms  DeleteObjects: 0.184200 ms)

========================================================================
Received Prepare
Registering precompiled user dll's ...
Registered in 0.002723 seconds.
Begin MonoManager ReloadAssembly
Native extension for WindowsStandalone target not found
Native extension for OSXStandalone target not found
Refreshing native plugins compatible for Editor in 0.49 ms, found 1 plugins.
Preloading 0 native plugins for Editor in 0.00 ms.
Invoked RoslynAnalysisRunner static constructor.
RoslynAnalysisRunner will not be running.
RoslynAnalysisRunner has terminated.
Mono: successfully reloaded assembly
- Completed reload, in  1.509 seconds
Platform modules already initialized, skipping
Refreshing native plugins compatible for Editor in 0.55 ms, found 1 plugins.
Preloading 0 native plugins for Editor in 0.00 ms.
Unloading 1804 Unused Serialized files (Serialized files now loaded: 0)
System memory in use before: 88.7 MB.
System memory in use after: 88.7 MB.

Unloading 12 unused Assets to reduce memory usage. Loaded Objects now: 2339.
Total: 4.914200 ms (FindLiveObjects: 0.374800 ms CreateObjectMapping: 0.096800 ms MarkObjects: 4.281400 ms  DeleteObjects: 0.159100 ms)

========================================================================
Received Import Request.
  Time since last request: 144.690230 seconds.
  path: Assets/Animations
  artifactKey: Guid(4c036b8eeeee7d94181f9dc502195a12) Importer(815301076,1909f56bfc062723c751e8b465ee728b)
Start importing Assets/Animations using Guid(4c036b8eeeee7d94181f9dc502195a12) Importer(815301076,1909f56bfc062723c751e8b465ee728b)  -> (artifact id: '8a8707c5bc90279c294f0df7fa52911c') in 0.011286 seconds
  Import took 0.040478 seconds .

========================================================================
Received Import Request.
  Time since last request: 38.139711 seconds.
  path: Assets/Animations/Player Controller.controller
  artifactKey: Guid(9ea06335200b58f418a7d4003b4907d8) Importer(815301076,1909f56bfc062723c751e8b465ee728b)
Start importing Assets/Animations/Player Controller.controller using Guid(9ea06335200b58f418a7d4003b4907d8) Importer(815301076,1909f56bfc062723c751e8b465ee728b)  -> (artifact id: '7d02152f30ce36ab0b0c2cbc68ea8731') in 0.024798 seconds
  Import took 0.030005 seconds .

========================================================================
Received Import Request.
  Time since last request: 0.002213 seconds.
  path: Assets/Animations/Player Controller.controller
  artifactKey: Guid(9ea06335200b58f418a7d4003b4907d8) Importer(815301076,1909f56bfc062723c751e8b465ee728b)
Start importing Assets/Animations/Player Controller.controller using Guid(9ea06335200b58f418a7d4003b4907d8) Importer(815301076,1909f56bfc062723c751e8b465ee728b)  -> (artifact id: '7d02152f30ce36ab0b0c2cbc68ea8731') in 0.006910 seconds
  Import took 0.012484 seconds .

========================================================================
Received Prepare
Registering precompiled user dll's ...
Registered in 0.005087 seconds.
Begin MonoManager ReloadAssembly
Native extension for WindowsStandalone target not found
Native extension for OSXStandalone target not found
Refreshing native plugins compatible for Editor in 0.84 ms, found 1 plugins.
Preloading 0 native plugins for Editor in 0.00 ms.
Invoked RoslynAnalysisRunner static constructor.
RoslynAnalysisRunner will not be running.
RoslynAnalysisRunner has terminated.
Mono: successfully reloaded assembly
- Completed reload, in  1.118 seconds
Platform modules already initialized, skipping
Refreshing native plugins compatible for Editor in 0.36 ms, found 1 plugins.
Preloading 0 native plugins for Editor in 0.00 ms.
Unloading 1804 Unused Serialized files (Serialized files now loaded: 0)
System memory in use before: 88.8 MB.
System memory in use after: 88.7 MB.

Unloading 12 unused Assets to reduce memory usage. Loaded Objects now: 2343.
Total: 2.724800 ms (FindLiveObjects: 0.399700 ms CreateObjectMapping: 0.108600 ms MarkObjects: 2.043700 ms  DeleteObjects: 0.170800 ms)

========================================================================
Received Prepare
Registering precompiled user dll's ...
Registered in 0.001553 seconds.
Begin MonoManager ReloadAssembly
Native extension for WindowsStandalone target not found
Native extension for OSXStandalone target not found
Refreshing native plugins compatible for Editor in 0.40 ms, found 1 plugins.
Preloading 0 native plugins for Editor in 0.00 ms.
Invoked RoslynAnalysisRunner static constructor.
RoslynAnalysisRunner will not be running.
RoslynAnalysisRunner has terminated.
Mono: successfully reloaded assembly
- Completed reload, in  1.039 seconds
Platform modules already initialized, skipping
Refreshing native plugins compatible for Editor in 0.37 ms, found 1 plugins.
Preloading 0 native plugins for Editor in 0.00 ms.
Unloading 1804 Unused Serialized files (Serialized files now loaded: 0)
System memory in use before: 88.8 MB.
System memory in use after: 88.7 MB.

Unloading 12 unused Assets to reduce memory usage. Loaded Objects now: 2347.
Total: 2.614200 ms (FindLiveObjects: 0.239900 ms CreateObjectMapping: 0.092100 ms MarkObjects: 2.094700 ms  DeleteObjects: 0.186200 ms)

========================================================================
Received Prepare
Registering precompiled user dll's ...
Registered in 0.003006 seconds.
Begin MonoManager ReloadAssembly
Native extension for WindowsStandalone target not found
Native extension for OSXStandalone target not found
Refreshing native plugins compatible for Editor in 0.39 ms, found 1 plugins.
Preloading 0 native plugins for Editor in 0.00 ms.
Invoked RoslynAnalysisRunner static constructor.
RoslynAnalysisRunner will not be running.
RoslynAnalysisRunner has terminated.
Mono: successfully reloaded assembly
- Completed reload, in  1.103 seconds
Platform modules already initialized, skipping
Refreshing native plugins compatible for Editor in 0.39 ms, found 1 plugins.
Preloading 0 native plugins for Editor in 0.00 ms.
Unloading 1804 Unused Serialized files (Serialized files now loaded: 0)
System memory in use before: 88.8 MB.
System memory in use after: 88.7 MB.

Unloading 12 unused Assets to reduce memory usage. Loaded Objects now: 2351.
Total: 3.213800 ms (FindLiveObjects: 0.570300 ms CreateObjectMapping: 0.089700 ms MarkObjects: 2.427800 ms  DeleteObjects: 0.121100 ms)

========================================================================
Received Prepare
Registering precompiled user dll's ...
Registered in 0.001549 seconds.
Begin MonoManager ReloadAssembly
Native extension for WindowsStandalone target not found
Native extension for OSXStandalone target not found
Refreshing native plugins compatible for Editor in 0.41 ms, found 1 plugins.
Preloading 0 native plugins for Editor in 0.00 ms.
Invoked RoslynAnalysisRunner static constructor.
RoslynAnalysisRunner will not be running.
RoslynAnalysisRunner has terminated.
Mono: successfully reloaded assembly
- Completed reload, in  1.405 seconds
Platform modules already initialized, skipping
Refreshing native plugins compatible for Editor in 0.49 ms, found 1 plugins.
Preloading 0 native plugins for Editor in 0.00 ms.
Unloading 1804 Unused Serialized files (Serialized files now loaded: 0)
System memory in use before: 88.8 MB.
System memory in use after: 88.8 MB.

Unloading 12 unused Assets to reduce memory usage. Loaded Objects now: 2355.
Total: 4.460500 ms (FindLiveObjects: 0.384100 ms CreateObjectMapping: 0.127800 ms MarkObjects: 3.761900 ms  DeleteObjects: 0.183800 ms)

========================================================================
Received Prepare
Registering precompiled user dll's ...
Registered in 0.001813 seconds.
Begin MonoManager ReloadAssembly
Native extension for WindowsStandalone target not found
Native extension for OSXStandalone target not found
Refreshing native plugins compatible for Editor in 1.22 ms, found 1 plugins.
Preloading 0 native plugins for Editor in 0.00 ms.
Invoked RoslynAnalysisRunner static constructor.
RoslynAnalysisRunner will not be running.
RoslynAnalysisRunner has terminated.
Mono: successfully reloaded assembly
- Completed reload, in  1.082 seconds
Platform modules already initialized, skipping
Refreshing native plugins compatible for Editor in 0.39 ms, found 1 plugins.
Preloading 0 native plugins for Editor in 0.00 ms.
Unloading 1804 Unused Serialized files (Serialized files now loaded: 0)
System memory in use before: 88.8 MB.
System memory in use after: 88.8 MB.

Unloading 12 unused Assets to reduce memory usage. Loaded Objects now: 2359.
Total: 3.204900 ms (FindLiveObjects: 0.594900 ms CreateObjectMapping: 0.218600 ms MarkObjects: 2.248900 ms  DeleteObjects: 0.139400 ms)

========================================================================
Received Prepare
Registering precompiled user dll's ...
Registered in 0.001508 seconds.
Begin MonoManager ReloadAssembly
Native extension for WindowsStandalone target not found
Native extension for OSXStandalone target not found
Refreshing native plugins compatible for Editor in 0.35 ms, found 1 plugins.
Preloading 0 native plugins for Editor in 0.00 ms.
Invoked RoslynAnalysisRunner static constructor.
RoslynAnalysisRunner will not be running.
RoslynAnalysisRunner has terminated.
Mono: successfully reloaded assembly
- Completed reload, in  1.065 seconds
Platform modules already initialized, skipping
Refreshing native plugins compatible for Editor in 0.37 ms, found 1 plugins.
Preloading 0 native plugins for Editor in 0.00 ms.
Unloading 1804 Unused Serialized files (Serialized files now loaded: 0)
System memory in use before: 88.8 MB.
System memory in use after: 88.8 MB.

Unloading 12 unused Assets to reduce memory usage. Loaded Objects now: 2363.
Total: 2.479900 ms (FindLiveObjects: 0.243700 ms CreateObjectMapping: 0.121500 ms MarkObjects: 1.963100 ms  DeleteObjects: 0.149600 ms)

========================================================================
Received Import Request.
  Time since last request: 2093.329961 seconds.
  path: Assets/Material
  artifactKey: Guid(13800e51970c32a49a9437f9aba4e0d4) Importer(815301076,1909f56bfc062723c751e8b465ee728b)
Start importing Assets/Material using Guid(13800e51970c32a49a9437f9aba4e0d4) Importer(815301076,1909f56bfc062723c751e8b465ee728b)  -> (artifact id: 'a0c75dd31bead44ad68d10dd38a399ea') in 0.014850 seconds
  Import took 0.020111 seconds .

========================================================================
Received Import Request.
  Time since last request: 195.377826 seconds.
  path: Assets/Material/New Material.mat
  artifactKey: Guid(2d5860081edbbd8409aeaaf7109d5fea) Importer(815301076,1909f56bfc062723c751e8b465ee728b)
Start importing Assets/Material/New Material.mat using Guid(2d5860081edbbd8409aeaaf7109d5fea) Importer(815301076,1909f56bfc062723c751e8b465ee728b)  -> (artifact id: '453bcbaaf4808344ac11f61b0b92d599') in 0.140776 seconds
  Import took 0.146251 seconds .

========================================================================
Received Import Request.
  Time since last request: 1053.706012 seconds.
  path: Assets/Scripts/PlayerHealth.cs
  artifactKey: Guid(f62e1541bca53ae4d813802b6bb4b180) Importer(815301076,1909f56bfc062723c751e8b465ee728b)
Start importing Assets/Scripts/PlayerHealth.cs using Guid(f62e1541bca53ae4d813802b6bb4b180) Importer(815301076,1909f56bfc062723c751e8b465ee728b)  -> (artifact id: '7d6d66c1ef6570ab5252dcceb12c7fa1') in 0.006835 seconds
  Import took 0.014986 seconds .

========================================================================
Received Prepare
Registering precompiled user dll's ...
Registered in 0.001501 seconds.
Begin MonoManager ReloadAssembly
Native extension for WindowsStandalone target not found
Native extension for OSXStandalone target not found
Refreshing native plugins compatible for Editor in 0.73 ms, found 1 plugins.
Preloading 0 native plugins for Editor in 0.00 ms.
Invoked RoslynAnalysisRunner static constructor.
RoslynAnalysisRunner will not be running.
RoslynAnalysisRunner has terminated.
Mono: successfully reloaded assembly
- Completed reload, in  1.187 seconds
Platform modules already initialized, skipping
Refreshing native plugins compatible for Editor in 0.93 ms, found 1 plugins.
Preloading 0 native plugins for Editor in 0.00 ms.
Unloading 1805 Unused Serialized files (Serialized files now loaded: 0)
System memory in use before: 89.1 MB.
System memory in use after: 89.1 MB.

Unloading 12 unused Assets to reduce memory usage. Loaded Objects now: 2405.
Total: 3.406900 ms (FindLiveObjects: 0.254100 ms CreateObjectMapping: 0.096400 ms MarkObjects: 2.905200 ms  DeleteObjects: 0.149600 ms)

========================================================================
Received Import Request.
  Time since last request: 775.457244 seconds.
  path: ProjectSettings/TagManager.asset
  artifactKey: Guid(00000000000000003000000000000000) Importer(815301076,1909f56bfc062723c751e8b465ee728b)
Start importing ProjectSettings/TagManager.asset using Guid(00000000000000003000000000000000) Importer(815301076,1909f56bfc062723c751e8b465ee728b)  -> (artifact id: '5187126b315f9ff4c3edc45da8f2c6de') in 0.025195 seconds
  Import took 0.030777 seconds .

========================================================================
Received Import Request.
  Time since last request: 0.000642 seconds.
  path: ProjectSettings/TagManager.asset
  artifactKey: Guid(00000000000000003000000000000000) Importer(815301076,1909f56bfc062723c751e8b465ee728b)
Start importing ProjectSettings/TagManager.asset using Guid(00000000000000003000000000000000) Importer(815301076,1909f56bfc062723c751e8b465ee728b)  -> (artifact id: '5187126b315f9ff4c3edc45da8f2c6de') in 0.007435 seconds
  Import took 0.012152 seconds .

========================================================================
Received Import Request.
  Time since last request: 341.211482 seconds.
  path: Assets/Scripts/CleanerPickup.cs
  artifactKey: Guid(ca57ae2c7cb806d428559cca6c6b80ac) Importer(815301076,1909f56bfc062723c751e8b465ee728b)
Start importing Assets/Scripts/CleanerPickup.cs using Guid(ca57ae2c7cb806d428559cca6c6b80ac) Importer(815301076,1909f56bfc062723c751e8b465ee728b)  -> (artifact id: '4aee00da5e8feec0aee7bea782f39734') in 0.005292 seconds
  Import took 0.023431 seconds .

========================================================================
Received Prepare
Registering precompiled user dll's ...
Registered in 0.001439 seconds.
Begin MonoManager ReloadAssembly
Native extension for WindowsStandalone target not found
Native extension for OSXStandalone target not found
Refreshing native plugins compatible for Editor in 0.53 ms, found 1 plugins.
Preloading 0 native plugins for Editor in 0.00 ms.
Invoked RoslynAnalysisRunner static constructor.
RoslynAnalysisRunner will not be running.
RoslynAnalysisRunner has terminated.
Mono: successfully reloaded assembly
- Completed reload, in  1.070 seconds
Platform modules already initialized, skipping
Refreshing native plugins compatible for Editor in 0.35 ms, found 1 plugins.
Preloading 0 native plugins for Editor in 0.00 ms.
Unloading 1806 Unused Serialized files (Serialized files now loaded: 0)
System memory in use before: 89.1 MB.
System memory in use after: 89.1 MB.

Unloading 14 unused Assets to reduce memory usage. Loaded Objects now: 2410.
Total: 3.167900 ms (FindLiveObjects: 0.496900 ms CreateObjectMapping: 0.216000 ms MarkObjects: 2.289000 ms  DeleteObjects: 0.163600 ms)

========================================================================
Received Import Request.
  Time since last request: 15.201075 seconds.
  path: Assets/Scripts/MaskPickup.cs
  artifactKey: Guid(9962c2ba5bf89bf4a8781b8447d81a32) Importer(815301076,1909f56bfc062723c751e8b465ee728b)
Start importing Assets/Scripts/MaskPickup.cs using Guid(9962c2ba5bf89bf4a8781b8447d81a32) Importer(815301076,1909f56bfc062723c751e8b465ee728b)  -> (artifact id: '14108f7bd5a9587f920c60b89f495548') in 0.020888 seconds
  Import took 0.026704 seconds .

========================================================================
Received Prepare
Registering precompiled user dll's ...
Registered in 0.001517 seconds.
Begin MonoManager ReloadAssembly
Native extension for WindowsStandalone target not found
Native extension for OSXStandalone target not found
Refreshing native plugins compatible for Editor in 0.36 ms, found 1 plugins.
Preloading 0 native plugins for Editor in 0.00 ms.
Invoked RoslynAnalysisRunner static constructor.
RoslynAnalysisRunner will not be running.
RoslynAnalysisRunner has terminated.
Mono: successfully reloaded assembly
- Completed reload, in  1.054 seconds
Platform modules already initialized, skipping
Refreshing native plugins compatible for Editor in 0.35 ms, found 1 plugins.
Preloading 0 native plugins for Editor in 0.00 ms.
Unloading 1807 Unused Serialized files (Serialized files now loaded: 0)
System memory in use before: 89.2 MB.
System memory in use after: 89.1 MB.

Unloading 12 unused Assets to reduce memory usage. Loaded Objects now: 2415.
Total: 3.122100 ms (FindLiveObjects: 0.433600 ms CreateObjectMapping: 0.132200 ms MarkObjects: 2.420500 ms  DeleteObjects: 0.134400 ms)

========================================================================
Received Prepare
Registering precompiled user dll's ...
Registered in 0.002171 seconds.
Begin MonoManager ReloadAssembly
Native extension for WindowsStandalone target not found
Native extension for OSXStandalone target not found
Refreshing native plugins compatible for Editor in 0.43 ms, found 1 plugins.
Preloading 0 native plugins for Editor in 0.00 ms.
Invoked RoslynAnalysisRunner static constructor.
RoslynAnalysisRunner will not be running.
RoslynAnalysisRunner has terminated.
Mono: successfully reloaded assembly
- Completed reload, in  1.144 seconds
Platform modules already initialized, skipping
Refreshing native plugins compatible for Editor in 0.47 ms, found 1 plugins.
Preloading 0 native plugins for Editor in 0.00 ms.
Unloading 1807 Unused Serialized files (Serialized files now loaded: 0)
System memory in use before: 89.2 MB.
System memory in use after: 89.1 MB.

Unloading 12 unused Assets to reduce memory usage. Loaded Objects now: 2419.
Total: 2.872200 ms (FindLiveObjects: 0.264800 ms CreateObjectMapping: 0.070300 ms MarkObjects: 2.403200 ms  DeleteObjects: 0.132500 ms)

========================================================================
Received Prepare
Registering precompiled user dll's ...
Registered in 0.001637 seconds.
Begin MonoManager ReloadAssembly
Native extension for WindowsStandalone target not found
Native extension for OSXStandalone target not found
Refreshing native plugins compatible for Editor in 0.35 ms, found 1 plugins.
Preloading 0 native plugins for Editor in 0.00 ms.
Invoked RoslynAnalysisRunner static constructor.
RoslynAnalysisRunner will not be running.
RoslynAnalysisRunner has terminated.
Mono: successfully reloaded assembly
- Completed reload, in  1.099 seconds
Platform modules already initialized, skipping
Refreshing native plugins compatible for Editor in 0.36 ms, found 1 plugins.
Preloading 0 native plugins for Editor in 0.00 ms.
Unloading 1807 Unused Serialized files (Serialized files now loaded: 0)
System memory in use before: 89.2 MB.
System memory in use after: 89.1 MB.

Unloading 12 unused Assets to reduce memory usage. Loaded Objects now: 2423.
Total: 2.526700 ms (FindLiveObjects: 0.401400 ms CreateObjectMapping: 0.118800 ms MarkObjects: 1.836100 ms  DeleteObjects: 0.168800 ms)

========================================================================
Received Prepare
Registering precompiled user dll's ...
Registered in 0.001360 seconds.
Begin MonoManager ReloadAssembly
Native extension for WindowsStandalone target not found
Native extension for OSXStandalone target not found
Refreshing native plugins compatible for Editor in 0.41 ms, found 1 plugins.
Preloading 0 native plugins for Editor in 0.00 ms.
Invoked RoslynAnalysisRunner static constructor.
RoslynAnalysisRunner will not be running.
RoslynAnalysisRunner has terminated.
Mono: successfully reloaded assembly
- Completed reload, in  1.065 seconds
Platform modules already initialized, skipping
Refreshing native plugins compatible for Editor in 0.37 ms, found 1 plugins.
Preloading 0 native plugins for Editor in 0.00 ms.
Unloading 1807 Unused Serialized files (Serialized files now loaded: 0)
System memory in use before: 89.2 MB.
System memory in use after: 89.2 MB.

Unloading 12 unused Assets to reduce memory usage. Loaded Objects now: 2427.
Total: 3.127300 ms (FindLiveObjects: 0.317400 ms CreateObjectMapping: 0.068800 ms MarkObjects: 2.609800 ms  DeleteObjects: 0.129300 ms)

========================================================================
Received Prepare
Registering precompiled user dll's ...
Registered in 0.001443 seconds.
Begin MonoManager ReloadAssembly
Native extension for WindowsStandalone target not found
Native extension for OSXStandalone target not found
Refreshing native plugins compatible for Editor in 0.36 ms, found 1 plugins.
Preloading 0 native plugins for Editor in 0.00 ms.
Invoked RoslynAnalysisRunner static constructor.
RoslynAnalysisRunner will not be running.
RoslynAnalysisRunner has terminated.
Mono: successfully reloaded assembly
- Completed reload, in  1.104 seconds
Platform modules already initialized, skipping
Refreshing native plugins compatible for Editor in 0.44 ms, found 1 plugins.
Preloading 0 native plugins for Editor in 0.00 ms.
Unloading 1807 Unused Serialized files (Serialized files now loaded: 0)
System memory in use before: 89.2 MB.
System memory in use after: 89.2 MB.

Unloading 12 unused Assets to reduce memory usage. Loaded Objects now: 2431.
Total: 3.202600 ms (FindLiveObjects: 0.340800 ms CreateObjectMapping: 0.109000 ms MarkObjects: 2.578200 ms  DeleteObjects: 0.172100 ms)

========================================================================
Received Prepare
Registering precompiled user dll's ...
Registered in 0.001421 seconds.
Begin MonoManager ReloadAssembly
Native extension for WindowsStandalone target not found
Native extension for OSXStandalone target not found
Refreshing native plugins compatible for Editor in 0.39 ms, found 1 plugins.
Preloading 0 native plugins for Editor in 0.00 ms.
Invoked RoslynAnalysisRunner static constructor.
RoslynAnalysisRunner will not be running.
RoslynAnalysisRunner has terminated.
Mono: successfully reloaded assembly
- Completed reload, in  1.128 seconds
Platform modules already initialized, skipping
Refreshing native plugins compatible for Editor in 0.36 ms, found 1 plugins.
Preloading 0 native plugins for Editor in 0.00 ms.
Unloading 1807 Unused Serialized files (Serialized files now loaded: 0)
System memory in use before: 89.2 MB.
System memory in use after: 89.2 MB.

Unloading 12 unused Assets to reduce memory usage. Loaded Objects now: 2435.
Total: 2.970000 ms (FindLiveObjects: 0.398700 ms CreateObjectMapping: 0.208700 ms MarkObjects: 2.199300 ms  DeleteObjects: 0.161300 ms)

========================================================================
Received Prepare
Registering precompiled user dll's ...
Registered in 0.001627 seconds.
Begin MonoManager ReloadAssembly
Native extension for WindowsStandalone target not found
Native extension for OSXStandalone target not found
Refreshing native plugins compatible for Editor in 0.37 ms, found 1 plugins.
Preloading 0 native plugins for Editor in 0.00 ms.
Invoked RoslynAnalysisRunner static constructor.
RoslynAnalysisRunner will not be running.
RoslynAnalysisRunner has terminated.
Mono: successfully reloaded assembly
- Completed reload, in  1.117 seconds
Platform modules already initialized, skipping
Refreshing native plugins compatible for Editor in 0.36 ms, found 1 plugins.
Preloading 0 native plugins for Editor in 0.00 ms.
Unloading 1807 Unused Serialized files (Serialized files now loaded: 0)
System memory in use before: 89.2 MB.
System memory in use after: 89.2 MB.

Unloading 12 unused Assets to reduce memory usage. Loaded Objects now: 2439.
Total: 2.866500 ms (FindLiveObjects: 0.463000 ms CreateObjectMapping: 0.205700 ms MarkObjects: 2.068300 ms  DeleteObjects: 0.127900 ms)

========================================================================
Received Prepare
Registering precompiled user dll's ...
Registered in 0.001512 seconds.
Begin MonoManager ReloadAssembly
Native extension for WindowsStandalone target not found
Native extension for OSXStandalone target not found
Refreshing native plugins compatible for Editor in 0.35 ms, found 1 plugins.
Preloading 0 native plugins for Editor in 0.00 ms.
Invoked RoslynAnalysisRunner static constructor.
RoslynAnalysisRunner will not be running.
RoslynAnalysisRunner has terminated.
Mono: successfully reloaded assembly
- Completed reload, in  1.064 seconds
Platform modules already initialized, skipping
Refreshing native plugins compatible for Editor in 0.36 ms, found 1 plugins.
Preloading 0 native plugins for Editor in 0.00 ms.
Unloading 1807 Unused Serialized files (Serialized files now loaded: 0)
System memory in use before: 89.2 MB.
System memory in use after: 89.2 MB.

Unloading 12 unused Assets to reduce memory usage. Loaded Objects now: 2443.
Total: 3.078700 ms (FindLiveObjects: 0.331700 ms CreateObjectMapping: 0.253400 ms MarkObjects: 2.321400 ms  DeleteObjects: 0.169800 ms)

========================================================================
Received Import Request.
  Time since last request: 909.185169 seconds.
  path: Assets/Scripts/PlayerHealth.cs
  artifactKey: Guid(f62e1541bca53ae4d813802b6bb4b180) Importer(815301076,1909f56bfc062723c751e8b465ee728b)
Start importing Assets/Scripts/PlayerHealth.cs using Guid(f62e1541bca53ae4d813802b6bb4b180) Importer(815301076,1909f56bfc062723c751e8b465ee728b)  -> (artifact id: '9e2ed78ec6e21fc132578ffd818c0d05') in 0.007831 seconds
  Import took 0.011541 seconds .

========================================================================
Received Import Request.
  Time since last request: 0.000980 seconds.
  path: Assets/Scripts/PlayerHealth.cs
  artifactKey: Guid(f62e1541bca53ae4d813802b6bb4b180) Importer(815301076,1909f56bfc062723c751e8b465ee728b)
Start importing Assets/Scripts/PlayerHealth.cs using Guid(f62e1541bca53ae4d813802b6bb4b180) Importer(815301076,1909f56bfc062723c751e8b465ee728b)  -> (artifact id: '9e2ed78ec6e21fc132578ffd818c0d05') in 0.004524 seconds
  Import took 0.009015 seconds .

========================================================================
Received Prepare
Registering precompiled user dll's ...
Registered in 0.001940 seconds.
Begin MonoManager ReloadAssembly
Native extension for WindowsStandalone target not found
Native extension for OSXStandalone target not found
Refreshing native plugins compatible for Editor in 0.36 ms, found 1 plugins.
Preloading 0 native plugins for Editor in 0.00 ms.
Invoked RoslynAnalysisRunner static constructor.
RoslynAnalysisRunner will not be running.
RoslynAnalysisRunner has terminated.
Mono: successfully reloaded assembly
- Completed reload, in  1.109 seconds
Platform modules already initialized, skipping
Refreshing native plugins compatible for Editor in 0.44 ms, found 1 plugins.
Preloading 0 native plugins for Editor in 0.00 ms.
Unloading 1807 Unused Serialized files (Serialized files now loaded: 0)
System memory in use before: 89.2 MB.
System memory in use after: 89.2 MB.

Unloading 12 unused Assets to reduce memory usage. Loaded Objects now: 2447.
Total: 2.443300 ms (FindLiveObjects: 0.241500 ms CreateObjectMapping: 0.080800 ms MarkObjects: 1.994700 ms  DeleteObjects: 0.124600 ms)

========================================================================
Received Prepare
Registering precompiled user dll's ...
Registered in 0.004955 seconds.
Begin MonoManager ReloadAssembly
Native extension for WindowsStandalone target not found
Native extension for OSXStandalone target not found
Refreshing native plugins compatible for Editor in 0.59 ms, found 1 plugins.
Preloading 0 native plugins for Editor in 0.00 ms.
Invoked RoslynAnalysisRunner static constructor.
RoslynAnalysisRunner will not be running.
RoslynAnalysisRunner has terminated.
Mono: successfully reloaded assembly
- Completed reload, in  1.024 seconds
Platform modules already initialized, skipping
Refreshing native plugins compatible for Editor in 0.39 ms, found 1 plugins.
Preloading 0 native plugins for Editor in 0.00 ms.
Unloading 1807 Unused Serialized files (Serialized files now loaded: 0)
System memory in use before: 89.2 MB.
System memory in use after: 89.2 MB.

Unloading 12 unused Assets to reduce memory usage. Loaded Objects now: 2451.
Total: 2.738800 ms (FindLiveObjects: 0.501100 ms CreateObjectMapping: 0.104300 ms MarkObjects: 1.999800 ms  DeleteObjects: 0.130400 ms)

========================================================================
Received Import Request.
  Time since last request: 4244.057911 seconds.
  path: Assets/Scenes/SampleScene.unity
  artifactKey: Guid(2cda990e2423bbf4892e6590ba056729) Importer(815301076,1909f56bfc062723c751e8b465ee728b)
Start importing Assets/Scenes/SampleScene.unity using Guid(2cda990e2423bbf4892e6590ba056729) Importer(815301076,1909f56bfc062723c751e8b465ee728b)  -> (artifact id: 'c8c234b62257ac1a2f201af510064fb7') in 0.148848 seconds
  Import took 0.221831 seconds .

========================================================================
Received Import Request.
  Time since last request: 13.190210 seconds.
  path: Assets/Scenes/Level1.unity
  artifactKey: Guid(2cda990e2423bbf4892e6590ba056729) Importer(815301076,1909f56bfc062723c751e8b465ee728b)
Start importing Assets/Scenes/Level1.unity using Guid(2cda990e2423bbf4892e6590ba056729) Importer(815301076,1909f56bfc062723c751e8b465ee728b)  -> (artifact id: 'b3bae06a790a6acc9ddc30bb58e45166') in 0.014360 seconds
  Import took 0.024856 seconds .

========================================================================
Received Import Request.
  Time since last request: 0.001958 seconds.
  path: Assets/Scenes/Level1.unity
  artifactKey: Guid(2cda990e2423bbf4892e6590ba056729) Importer(815301076,1909f56bfc062723c751e8b465ee728b)
Start importing Assets/Scenes/Level1.unity using Guid(2cda990e2423bbf4892e6590ba056729) Importer(815301076,1909f56bfc062723c751e8b465ee728b)  -> (artifact id: 'b3bae06a790a6acc9ddc30bb58e45166') in 0.011428 seconds
  Import took 0.020384 seconds .

========================================================================
Received Import Request.
  Time since last request: 50.441117 seconds.
  path: Assets/Material/New Material.mat
  artifactKey: Guid(2d5860081edbbd8409aeaaf7109d5fea) Importer(815301076,1909f56bfc062723c751e8b465ee728b)
Start importing Assets/Material/New Material.mat using Guid(2d5860081edbbd8409aeaaf7109d5fea) Importer(815301076,1909f56bfc062723c751e8b465ee728b)  -> (artifact id: '12608e921399eb6be62c1832a3b2f4c7') in 0.129508 seconds
  Import took 0.149377 seconds .

========================================================================
Received Prepare
Registering precompiled user dll's ...
Registered in 0.001674 seconds.
Begin MonoManager ReloadAssembly
Native extension for WindowsStandalone target not found
Native extension for OSXStandalone target not found
Refreshing native plugins compatible for Editor in 0.48 ms, found 1 plugins.
Preloading 0 native plugins for Editor in 0.00 ms.
Invoked RoslynAnalysisRunner static constructor.
RoslynAnalysisRunner will not be running.
RoslynAnalysisRunner has terminated.
Mono: successfully reloaded assembly
- Completed reload, in  1.216 seconds
Platform modules already initialized, skipping
Refreshing native plugins compatible for Editor in 0.67 ms, found 1 plugins.
Preloading 0 native plugins for Editor in 0.00 ms.
Unloading 1820 Unused Serialized files (Serialized files now loaded: 0)
System memory in use before: 91.2 MB.
System memory in use after: 90.6 MB.

Unloading 25 unused Assets to reduce memory usage. Loaded Objects now: 2456.
Total: 4.223700 ms (FindLiveObjects: 0.620100 ms CreateObjectMapping: 0.186600 ms MarkObjects: 2.886800 ms  DeleteObjects: 0.527600 ms)

========================================================================
Received Prepare
Registering precompiled user dll's ...
Registered in 0.002511 seconds.
Begin MonoManager ReloadAssembly
Native extension for WindowsStandalone target not found
Native extension for OSXStandalone target not found
Refreshing native plugins compatible for Editor in 0.70 ms, found 1 plugins.
Preloading 0 native plugins for Editor in 0.00 ms.
Invoked RoslynAnalysisRunner static constructor.
RoslynAnalysisRunner will not be running.
RoslynAnalysisRunner has terminated.
Mono: successfully reloaded assembly
- Completed reload, in  1.139 seconds
Platform modules already initialized, skipping
Refreshing native plugins compatible for Editor in 0.37 ms, found 1 plugins.
Preloading 0 native plugins for Editor in 0.00 ms.
Unloading 1820 Unused Serialized files (Serialized files now loaded: 0)
System memory in use before: 91.3 MB.
System memory in use after: 90.6 MB.

Unloading 25 unused Assets to reduce memory usage. Loaded Objects now: 2460.
Total: 3.886200 ms (FindLiveObjects: 0.293700 ms CreateObjectMapping: 0.085000 ms MarkObjects: 2.790900 ms  DeleteObjects: 0.715200 ms)

========================================================================
Received Prepare
Registering precompiled user dll's ...
Registered in 0.001848 seconds.
Begin MonoManager ReloadAssembly
Native extension for WindowsStandalone target not found
Native extension for OSXStandalone target not found
Refreshing native plugins compatible for Editor in 1.11 ms, found 1 plugins.
Preloading 0 native plugins for Editor in 0.00 ms.
Invoked RoslynAnalysisRunner static constructor.
RoslynAnalysisRunner will not be running.
RoslynAnalysisRunner has terminated.
Mono: successfully reloaded assembly
- Completed reload, in  1.478 seconds
Platform modules already initialized, skipping
Refreshing native plugins compatible for Editor in 0.55 ms, found 1 plugins.
Preloading 0 native plugins for Editor in 0.00 ms.
Unloading 1820 Unused Serialized files (Serialized files now loaded: 0)
System memory in use before: 91.3 MB.
System memory in use after: 90.6 MB.

Unloading 25 unused Assets to reduce memory usage. Loaded Objects now: 2464.
Total: 4.826400 ms (FindLiveObjects: 0.413000 ms CreateObjectMapping: 0.342100 ms MarkObjects: 3.416000 ms  DeleteObjects: 0.652800 ms)

========================================================================
Received Prepare
Registering precompiled user dll's ...
Registered in 0.019052 seconds.
Begin MonoManager ReloadAssembly
Native extension for WindowsStandalone target not found
Native extension for OSXStandalone target not found
Refreshing native plugins compatible for Editor in 0.53 ms, found 1 plugins.
Preloading 0 native plugins for Editor in 0.00 ms.
Invoked RoslynAnalysisRunner static constructor.
RoslynAnalysisRunner will not be running.
RoslynAnalysisRunner has terminated.
Mono: successfully reloaded assembly
- Completed reload, in  3.877 seconds
Platform modules already initialized, skipping
Refreshing native plugins compatible for Editor in 0.64 ms, found 1 plugins.
Preloading 0 native plugins for Editor in 0.00 ms.
Unloading 1820 Unused Serialized files (Serialized files now loaded: 0)
System memory in use before: 91.3 MB.
System memory in use after: 90.6 MB.

Unloading 25 unused Assets to reduce memory usage. Loaded Objects now: 2468.
Total: 4.221100 ms (FindLiveObjects: 0.719800 ms CreateObjectMapping: 0.299200 ms MarkObjects: 2.640300 ms  DeleteObjects: 0.559500 ms)

========================================================================
Received Prepare
Registering precompiled user dll's ...
Registered in 0.001486 seconds.
Begin MonoManager ReloadAssembly
Native extension for WindowsStandalone target not found
Native extension for OSXStandalone target not found
Refreshing native plugins compatible for Editor in 0.36 ms, found 1 plugins.
Preloading 0 native plugins for Editor in 0.00 ms.
Invoked RoslynAnalysisRunner static constructor.
RoslynAnalysisRunner will not be running.
RoslynAnalysisRunner has terminated.
Mono: successfully reloaded assembly
- Completed reload, in  1.219 seconds
Platform modules already initialized, skipping
Refreshing native plugins compatible for Editor in 0.36 ms, found 1 plugins.
Preloading 0 native plugins for Editor in 0.00 ms.
Unloading 1820 Unused Serialized files (Serialized files now loaded: 0)
System memory in use before: 91.3 MB.
System memory in use after: 90.6 MB.

Unloading 25 unused Assets to reduce memory usage. Loaded Objects now: 2472.
Total: 3.192900 ms (FindLiveObjects: 0.235500 ms CreateObjectMapping: 0.079500 ms MarkObjects: 2.082700 ms  DeleteObjects: 0.793700 ms)

========================================================================
Received Prepare
Registering precompiled user dll's ...
Registered in 0.001880 seconds.
Begin MonoManager ReloadAssembly
Native extension for WindowsStandalone target not found
Native extension for OSXStandalone target not found
Refreshing native plugins compatible for Editor in 0.68 ms, found 1 plugins.
Preloading 0 native plugins for Editor in 0.00 ms.
Invoked RoslynAnalysisRunner static constructor.
RoslynAnalysisRunner will not be running.
RoslynAnalysisRunner has terminated.
Mono: successfully reloaded assembly
- Completed reload, in  1.139 seconds
Platform modules already initialized, skipping
Refreshing native plugins compatible for Editor in 0.42 ms, found 1 plugins.
Preloading 0 native plugins for Editor in 0.00 ms.
Unloading 1820 Unused Serialized files (Serialized files now loaded: 0)
System memory in use before: 91.3 MB.
System memory in use after: 90.6 MB.

Unloading 25 unused Assets to reduce memory usage. Loaded Objects now: 2476.
Total: 2.943200 ms (FindLiveObjects: 0.285200 ms CreateObjectMapping: 0.123600 ms MarkObjects: 1.959900 ms  DeleteObjects: 0.573000 ms)

========================================================================
Received Prepare
Registering precompiled user dll's ...
Registered in 0.001510 seconds.
Begin MonoManager ReloadAssembly
Native extension for WindowsStandalone target not found
Native extension for OSXStandalone target not found
Refreshing native plugins compatible for Editor in 0.50 ms, found 1 plugins.
Preloading 0 native plugins for Editor in 0.00 ms.
Invoked RoslynAnalysisRunner static constructor.
RoslynAnalysisRunner will not be running.
RoslynAnalysisRunner has terminated.
Mono: successfully reloaded assembly
- Completed reload, in  1.440 seconds
Platform modules already initialized, skipping
Refreshing native plugins compatible for Editor in 0.90 ms, found 1 plugins.
Preloading 0 native plugins for Editor in 0.00 ms.
Unloading 1820 Unused Serialized files (Serialized files now loaded: 0)
System memory in use before: 91.3 MB.
System memory in use after: 90.6 MB.

Unloading 25 unused Assets to reduce memory usage. Loaded Objects now: 2480.
Total: 2.897100 ms (FindLiveObjects: 0.484000 ms CreateObjectMapping: 0.143300 ms MarkObjects: 1.856200 ms  DeleteObjects: 0.409600 ms)

========================================================================
Received Prepare
Registering precompiled user dll's ...
Registered in 0.002553 seconds.
Begin MonoManager ReloadAssembly
Native extension for WindowsStandalone target not found
Native extension for OSXStandalone target not found
Refreshing native plugins compatible for Editor in 1.58 ms, found 1 plugins.
Preloading 0 native plugins for Editor in 0.00 ms.
Invoked RoslynAnalysisRunner static constructor.
RoslynAnalysisRunner will not be running.
RoslynAnalysisRunner has terminated.
Mono: successfully reloaded assembly
- Completed reload, in  1.217 seconds
Platform modules already initialized, skipping
Refreshing native plugins compatible for Editor in 0.41 ms, found 1 plugins.
Preloading 0 native plugins for Editor in 0.00 ms.
Unloading 1820 Unused Serialized files (Serialized files now loaded: 0)
System memory in use before: 91.3 MB.
System memory in use after: 90.6 MB.

Unloading 25 unused Assets to reduce memory usage. Loaded Objects now: 2484.
Total: 3.679500 ms (FindLiveObjects: 0.558400 ms CreateObjectMapping: 0.128800 ms MarkObjects: 2.507000 ms  DeleteObjects: 0.482500 ms)

========================================================================
Received Prepare
Registering precompiled user dll's ...
Registered in 0.001876 seconds.
Begin MonoManager ReloadAssembly
Native extension for WindowsStandalone target not found
Native extension for OSXStandalone target not found
Refreshing native plugins compatible for Editor in 0.51 ms, found 1 plugins.
Preloading 0 native plugins for Editor in 0.00 ms.
Invoked RoslynAnalysisRunner static constructor.
RoslynAnalysisRunner will not be running.
RoslynAnalysisRunner has terminated.
Mono: successfully reloaded assembly
- Completed reload, in  1.671 seconds
Platform modules already initialized, skipping
Refreshing native plugins compatible for Editor in 0.46 ms, found 1 plugins.
Preloading 0 native plugins for Editor in 0.00 ms.
Unloading 1820 Unused Serialized files (Serialized files now loaded: 0)
System memory in use before: 91.3 MB.
System memory in use after: 90.6 MB.

Unloading 25 unused Assets to reduce memory usage. Loaded Objects now: 2488.
Total: 3.697400 ms (FindLiveObjects: 0.400500 ms CreateObjectMapping: 0.158800 ms MarkObjects: 2.696000 ms  DeleteObjects: 0.439800 ms)

========================================================================
Received Import Request.
  Time since last request: 5448.258367 seconds.
  path: Assets/Scripts/MaskPickUpDisplay.cs
  artifactKey: Guid(29f081053622acc45b479be5d8d43807) Importer(815301076,1909f56bfc062723c751e8b465ee728b)
Start importing Assets/Scripts/MaskPickUpDisplay.cs using Guid(29f081053622acc45b479be5d8d43807) Importer(815301076,1909f56bfc062723c751e8b465ee728b)  -> (artifact id: 'a7663d87be64d7a45701a93281851060') in 0.018928 seconds
  Import took 0.026603 seconds .

========================================================================
Received Prepare
Registering precompiled user dll's ...
Registered in 0.001432 seconds.
Begin MonoManager ReloadAssembly
Native extension for WindowsStandalone target not found
Native extension for OSXStandalone target not found
Refreshing native plugins compatible for Editor in 0.62 ms, found 1 plugins.
Preloading 0 native plugins for Editor in 0.00 ms.
Invoked RoslynAnalysisRunner static constructor.
RoslynAnalysisRunner will not be running.
RoslynAnalysisRunner has terminated.
Mono: successfully reloaded assembly
- Completed reload, in  1.351 seconds
Platform modules already initialized, skipping
Script is not up to date after domain reload: guid(b920cbaf857d602479d4c6f887da50f0) path("Assets/Scripts/NewBehaviourScript.cs") state(2)
Refreshing native plugins compatible for Editor in 2.48 ms, found 1 plugins.
Preloading 0 native plugins for Editor in 0.00 ms.
Unloading 1821 Unused Serialized files (Serialized files now loaded: 0)
System memory in use before: 91.3 MB.
System memory in use after: 90.7 MB.

Unloading 25 unused Assets to reduce memory usage. Loaded Objects now: 2493.
Total: 3.844100 ms (FindLiveObjects: 0.427000 ms CreateObjectMapping: 0.160900 ms MarkObjects: 2.646300 ms  DeleteObjects: 0.607200 ms)

========================================================================
Received Import Request.
  Time since last request: 8.308964 seconds.
  path: Assets/Scripts/NewBehaviourScript.cs
  artifactKey: Guid(b920cbaf857d602479d4c6f887da50f0) Importer(815301076,1909f56bfc062723c751e8b465ee728b)
Start importing Assets/Scripts/NewBehaviourScript.cs using Guid(b920cbaf857d602479d4c6f887da50f0) Importer(815301076,1909f56bfc062723c751e8b465ee728b)  -> (artifact id: '4a4bd646995ac987ddb530d2b1454222') in 0.007589 seconds
  Import took 0.030249 seconds .

========================================================================
Received Prepare
Registering precompiled user dll's ...
Registered in 0.001417 seconds.
Begin MonoManager ReloadAssembly
Native extension for WindowsStandalone target not found
Native extension for OSXStandalone target not found
Refreshing native plugins compatible for Editor in 0.72 ms, found 1 plugins.
Preloading 0 native plugins for Editor in 0.00 ms.
Invoked RoslynAnalysisRunner static constructor.
RoslynAnalysisRunner will not be running.
RoslynAnalysisRunner has terminated.
Mono: successfully reloaded assembly
- Completed reload, in  1.306 seconds
Platform modules already initialized, skipping
Refreshing native plugins compatible for Editor in 0.44 ms, found 1 plugins.
Preloading 0 native plugins for Editor in 0.00 ms.
Unloading 1822 Unused Serialized files (Serialized files now loaded: 0)
System memory in use before: 91.4 MB.
System memory in use after: 90.7 MB.

Unloading 25 unused Assets to reduce memory usage. Loaded Objects now: 2498.
Total: 7.316900 ms (FindLiveObjects: 0.899700 ms CreateObjectMapping: 0.620700 ms MarkObjects: 4.842200 ms  DeleteObjects: 0.945400 ms)

========================================================================
Received Import Request.
  Time since last request: 20.753639 seconds.
  path: Assets/Scripts/CleanerPickupDisplay.cs
  artifactKey: Guid(b920cbaf857d602479d4c6f887da50f0) Importer(815301076,1909f56bfc062723c751e8b465ee728b)
Start importing Assets/Scripts/CleanerPickupDisplay.cs using Guid(b920cbaf857d602479d4c6f887da50f0) Importer(815301076,1909f56bfc062723c751e8b465ee728b)  -> (artifact id: 'd3fc48e46ebf7e1333f000308bc0ebc7') in 0.012644 seconds
  Import took 0.017801 seconds .

========================================================================
Received Prepare
Registering precompiled user dll's ...
Registered in 0.002440 seconds.
Begin MonoManager ReloadAssembly
Native extension for WindowsStandalone target not found
Native extension for OSXStandalone target not found
Refreshing native plugins compatible for Editor in 1.07 ms, found 1 plugins.
Preloading 0 native plugins for Editor in 0.00 ms.
Invoked RoslynAnalysisRunner static constructor.
RoslynAnalysisRunner will not be running.
RoslynAnalysisRunner has terminated.
Mono: successfully reloaded assembly
- Completed reload, in  1.492 seconds
Platform modules already initialized, skipping
Refreshing native plugins compatible for Editor in 2.22 ms, found 1 plugins.
Preloading 0 native plugins for Editor in 0.00 ms.
Unloading 1822 Unused Serialized files (Serialized files now loaded: 0)
System memory in use before: 91.4 MB.
System memory in use after: 90.7 MB.

Unloading 25 unused Assets to reduce memory usage. Loaded Objects now: 2502.
Total: 3.471500 ms (FindLiveObjects: 0.281200 ms CreateObjectMapping: 0.091800 ms MarkObjects: 2.561900 ms  DeleteObjects: 0.534700 ms)

========================================================================
Received Import Request.
  Time since last request: 1074.612760 seconds.
  path: Assets/Scripts/CleanerPickup.cs
  artifactKey: Guid(ca57ae2c7cb806d428559cca6c6b80ac) Importer(815301076,1909f56bfc062723c751e8b465ee728b)
Start importing Assets/Scripts/CleanerPickup.cs using Guid(ca57ae2c7cb806d428559cca6c6b80ac) Importer(815301076,1909f56bfc062723c751e8b465ee728b)  -> (artifact id: '307a2d2784a7c9c296699107dd211e0f') in 0.016851 seconds
  Import took 0.037843 seconds .

========================================================================
Received Import Request.
  Time since last request: 73.661021 seconds.
  path: Assets/Scripts/MaskPickup.cs
  artifactKey: Guid(9962c2ba5bf89bf4a8781b8447d81a32) Importer(815301076,1909f56bfc062723c751e8b465ee728b)
Start importing Assets/Scripts/MaskPickup.cs using Guid(9962c2ba5bf89bf4a8781b8447d81a32) Importer(815301076,1909f56bfc062723c751e8b465ee728b)  -> (artifact id: 'b6e28174a12544a702ffc6924d2f9212') in 0.007738 seconds
  Import took 0.014973 seconds .

========================================================================
Received Prepare
Registering precompiled user dll's ...
Registered in 0.005066 seconds.
Begin MonoManager ReloadAssembly
Native extension for WindowsStandalone target not found
Native extension for OSXStandalone target not found
Refreshing native plugins compatible for Editor in 1.38 ms, found 1 plugins.
Preloading 0 native plugins for Editor in 0.00 ms.
Invoked RoslynAnalysisRunner static constructor.
RoslynAnalysisRunner will not be running.
RoslynAnalysisRunner has terminated.
Mono: successfully reloaded assembly
- Completed reload, in  2.362 seconds
Platform modules already initialized, skipping
Refreshing native plugins compatible for Editor in 1.07 ms, found 1 plugins.
Preloading 0 native plugins for Editor in 0.00 ms.
Unloading 1822 Unused Serialized files (Serialized files now loaded: 0)
System memory in use before: 91.4 MB.
System memory in use after: 90.7 MB.

Unloading 25 unused Assets to reduce memory usage. Loaded Objects now: 2506.
Total: 3.965300 ms (FindLiveObjects: 0.505900 ms CreateObjectMapping: 0.191000 ms MarkObjects: 2.806600 ms  DeleteObjects: 0.459400 ms)

========================================================================
Received Import Request.
  Time since last request: 1419.978828 seconds.
  path: Assets/Scripts/MaskPickUpDisplay.cs
  artifactKey: Guid(29f081053622acc45b479be5d8d43807) Importer(815301076,1909f56bfc062723c751e8b465ee728b)
Start importing Assets/Scripts/MaskPickUpDisplay.cs using Guid(29f081053622acc45b479be5d8d43807) Importer(815301076,1909f56bfc062723c751e8b465ee728b)  -> (artifact id: 'b3823fe881053c1576e8c5e4fd35b8d7') in 0.014787 seconds
  Import took 0.107459 seconds .

========================================================================
Received Prepare
Registering precompiled user dll's ...
Registered in 0.002065 seconds.
Begin MonoManager ReloadAssembly
Native extension for WindowsStandalone target not found
Native extension for OSXStandalone target not found
Refreshing native plugins compatible for Editor in 0.44 ms, found 1 plugins.
Preloading 0 native plugins for Editor in 0.00 ms.
Invoked RoslynAnalysisRunner static constructor.
RoslynAnalysisRunner will not be running.
RoslynAnalysisRunner has terminated.
Mono: successfully reloaded assembly
- Completed reload, in  2.272 seconds
Platform modules already initialized, skipping
Refreshing native plugins compatible for Editor in 3.04 ms, found 1 plugins.
Preloading 0 native plugins for Editor in 0.00 ms.
Unloading 1822 Unused Serialized files (Serialized files now loaded: 0)
System memory in use before: 91.4 MB.
System memory in use after: 90.7 MB.

Unloading 25 unused Assets to reduce memory usage. Loaded Objects now: 2510.
Total: 5.073200 ms (FindLiveObjects: 0.459300 ms CreateObjectMapping: 0.139200 ms MarkObjects: 3.814100 ms  DeleteObjects: 0.657300 ms)

========================================================================
Received Prepare
Registering precompiled user dll's ...
Registered in 0.003398 seconds.
Begin MonoManager ReloadAssembly
Native extension for WindowsStandalone target not found
Native extension for OSXStandalone target not found
Refreshing native plugins compatible for Editor in 0.81 ms, found 1 plugins.
Preloading 0 native plugins for Editor in 0.00 ms.
Invoked RoslynAnalysisRunner static constructor.
RoslynAnalysisRunner will not be running.
RoslynAnalysisRunner has terminated.
Mono: successfully reloaded assembly
- Completed reload, in  2.669 seconds
Platform modules already initialized, skipping
Refreshing native plugins compatible for Editor in 0.65 ms, found 1 plugins.
Preloading 0 native plugins for Editor in 0.00 ms.
Unloading 1822 Unused Serialized files (Serialized files now loaded: 0)
System memory in use before: 91.4 MB.
System memory in use after: 90.7 MB.

Unloading 25 unused Assets to reduce memory usage. Loaded Objects now: 2514.
Total: 5.464100 ms (FindLiveObjects: 0.389800 ms CreateObjectMapping: 0.146800 ms MarkObjects: 4.091900 ms  DeleteObjects: 0.832700 ms)

========================================================================
Received Import Request.
  Time since last request: 44.252746 seconds.
  path: Assets/Scripts/MaskPickUpDisplay.cs
  artifactKey: Guid(29f081053622acc45b479be5d8d43807) Importer(815301076,1909f56bfc062723c751e8b465ee728b)
Start importing Assets/Scripts/MaskPickUpDisplay.cs using Guid(29f081053622acc45b479be5d8d43807) Importer(815301076,1909f56bfc062723c751e8b465ee728b)  -> (artifact id: '85fa07483a12aa6497bb674b4f7f2d5d') in 0.016867 seconds
  Import took 0.058999 seconds .

AssetImportWorkerClient::OnTransportError - code=2 error=End of file
